<?xml version="1.0" encoding="UTF-8"?>
<!-- Generated by org.testng.reporters.JUnitReportReporter -->
<testsuite hostname="David" failures="0" tests="1" name="tests.basic.PageObjectCode" time="32.643" errors="0" timestamp="17 נוב׳ 2021 15:00:29 GMT" skipped="0">
  <testcase classname="tests.basic.PageObjectCode" name="test" time="32.643"/>
</testsuite> <!-- tests.basic.PageObjectCode -->
