<?xml version="1.0" encoding="UTF-8"?>
<!-- Generated by org.testng.reporters.JUnitReportReporter -->
<testsuite hostname="DESKTOP-L73LA5F" failures="0" tests="1" name="tests.basic.PageObjectCode" time="613.797" errors="0" timestamp="17 נוב׳ 2021 05:23:38 GMT" skipped="0">
  <testcase classname="tests.basic.PageObjectCode" name="test" time="613.797"/>
</testsuite> <!-- tests.basic.PageObjectCode -->
