<?xml version="1.0" encoding="UTF-8"?>
<!-- Generated by org.testng.reporters.JUnitReportReporter -->
<testsuite hostname="DESKTOP-L73LA5F" failures="0" tests="1" name="tests.basic.LinearOldCode" time="37.475" errors="0" timestamp="16 נוב׳ 2021 08:29:04 GMT" skipped="0">
  <testcase classname="tests.basic.LinearOldCode" name="test" time="37.475"/>
</testsuite> <!-- tests.basic.LinearOldCode -->
